<?xml version="1.0" encoding="UTF-8"?>
<!-- Generated by org.testng.reporters.JUnitXMLReporter -->
<testsuite hostname="ETPL105" ignored="0" name="Test" tests="1" failures="1" timestamp="30 Oct 2018 15:03:27 GMT" time="20.005" errors="0">
  <testcase name="testThatResultsAppearForAOneWayJourney" time="19.966" classname="testPackage.FlightBookingTest">
    <failure type="java.lang.IndexOutOfBoundsException" message="Index: 0, Size: 0">
      <![CDATA[java.lang.IndexOutOfBoundsException: Index: 0, Size: 0
at java.util.ArrayList.rangeCheck(Unknown Source)
at java.util.ArrayList.get(Unknown Source)
at testPackage.FlightBookingTest.testThatResultsAppearForAOneWayJourney(FlightBookingTest.java:37)
... Removed 25 stack frames]]>
    </failure>
  </testcase> <!-- testThatResultsAppearForAOneWayJourney -->
</testsuite> <!-- Test -->
