<?xml version="1.0" encoding="UTF-8"?>
<testng-results skipped="0" failed="0" ignored="0" total="1" passed="1">
  <reporter-output>
  </reporter-output>
  <suite name="Default suite" duration-ms="29153" started-at="2018-11-14T07:14:35Z" finished-at="2018-11-14T07:15:04Z">
    <groups>
    </groups>
    <test name="Default test" duration-ms="29153" started-at="2018-11-14T07:14:35Z" finished-at="2018-11-14T07:15:04Z">
      <class name="testPackage.FlightBookingTest">
        <test-method status="PASS" signature="testThatResultsAppearForAOneWayJourney()[pri:0, instance:testPackage.FlightBookingTest@d8355a8]" name="testThatResultsAppearForAOneWayJourney" duration-ms="29113" started-at="2018-11-14T07:14:35Z" finished-at="2018-11-14T07:15:04Z">
          <reporter-output>
          </reporter-output>
        </test-method> <!-- testThatResultsAppearForAOneWayJourney -->
      </class> <!-- testPackage.FlightBookingTest -->
    </test> <!-- Default test -->
  </suite> <!-- Default suite -->
</testng-results>
